============================= test session starts ==============================
platform darwin -- Python 3.9.18, pytest-8.4.2, pluggy-1.6.0
rootdir: /Users/eduardoottero/Desktop/projects/dataengineer-transformations-python/dataengineer-transformations-python
configfile: pyproject.toml
collected 9 items

tests/integration/test_distance_transformer.py .s                        [ 22%]
tests/integration/test_ingest.py .                                       [ 33%]
tests/integration/test_validate_spark_environment.py ..                  [ 55%]
tests/integration/test_word_count.py s                                   [ 66%]
tests/unit/test_ingest.py ...                                            [100%]

========================= 7 passed, 2 skipped in 4.69s =========================
